[debug] [2025-02-23T12:54:45.705Z] ----------------------------------------------------------------------
[debug] [2025-02-23T12:54:45.708Z] Command:       C:\Program Files\nodejs\node.exe C:\Users\Lenovo\AppData\Roaming\npm\node_modules\firebase-tools\lib\bin\firebase.js init
[debug] [2025-02-23T12:54:45.708Z] CLI Version:   13.31.2
[debug] [2025-02-23T12:54:45.708Z] Platform:      win32
[debug] [2025-02-23T12:54:45.708Z] Node Version:  v20.17.0
[debug] [2025-02-23T12:54:45.708Z] Time:          Sun Feb 23 2025 18:24:45 GMT+0530 (India Standard Time)
[debug] [2025-02-23T12:54:45.708Z] ----------------------------------------------------------------------
[debug] 
[debug] [2025-02-23T12:54:45.714Z] > command requires scopes: ["email","openid","https://www.googleapis.com/auth/cloudplatformprojects.readonly","https://www.googleapis.com/auth/firebase","https://www.googleapis.com/auth/cloud-platform"]
[debug] [2025-02-23T12:54:45.714Z] > authorizing via signed-in user (mohitkanjariya07@gmail.com)
[info] 
     ######## #### ########  ######## ########     ###     ######  ########
     ##        ##  ##     ## ##       ##     ##  ##   ##  ##       ##
     ######    ##  ########  ######   ########  #########  ######  ######
     ##        ##  ##    ##  ##       ##     ## ##     ##       ## ##
     ##       #### ##     ## ######## ########  ##     ##  ######  ########

You're about to initialize a Firebase project in this directory:

  C:\xampp\htdocs\juice

Before we get started, keep in mind:

  * You are currently outside your home directory

[info] 
=== Project Setup
[info] 
[info] First, let's associate this project directory with a Firebase project.
[info] You can create multiple project aliases by running firebase use --add, 
[info] but for now we'll just set up a default project.
[info] 
[debug] [2025-02-23T12:57:37.758Z] Checked if tokens are valid: true, expires at: 1740318861043
[debug] [2025-02-23T12:57:37.758Z] Checked if tokens are valid: true, expires at: 1740318861043
[debug] [2025-02-23T12:57:37.760Z] >>> [apiv2][query] GET https://firebase.googleapis.com/v1beta1/projects pageSize=100
[debug] [2025-02-23T12:57:38.849Z] <<< [apiv2][status] GET https://firebase.googleapis.com/v1beta1/projects 200
[debug] [2025-02-23T12:57:38.850Z] <<< [apiv2][body] GET https://firebase.googleapis.com/v1beta1/projects [omitted]
[info] i  Using project juicyrush-7834a (juicyrush) 
[info] 
=== Hosting Setup
[debug] [2025-02-23T12:57:59.899Z] Checked if tokens are valid: true, expires at: 1740318861043
[debug] [2025-02-23T12:57:59.900Z] Checked if tokens are valid: true, expires at: 1740318861043
[debug] [2025-02-23T12:57:59.900Z] >>> [apiv2][query] GET https://firebase.googleapis.com/v1beta1/projects/juicyrush-7834a [none]
[debug] [2025-02-23T12:58:00.873Z] <<< [apiv2][status] GET https://firebase.googleapis.com/v1beta1/projects/juicyrush-7834a 200
[debug] [2025-02-23T12:58:00.873Z] <<< [apiv2][body] GET https://firebase.googleapis.com/v1beta1/projects/juicyrush-7834a {"projectId":"juicyrush-7834a","projectNumber":"552490631507","displayName":"juicyrush","name":"projects/juicyrush-7834a","resources":{"hostingSite":"juicyrush-7834a"},"state":"ACTIVE","etag":"1_9edd931d-4255-4b2a-841e-1c39962d51e0"}
[info] 
[info] Your public directory is the folder (relative to your project directory) that
[info] will contain Hosting assets to be uploaded with firebase deploy. If you
[info] have a build process for your assets, use your build's output directory.
[info] 
